2023/01/22 17:35:09 [error] [exception.CHttpException.404] CHttpException: The system is unable to find the requested action "index=gii". in C:\xampp\htdocs\yii\framework\web\CController.php:486
Stack trace:
#0 C:\xampp\htdocs\yii\framework\web\CController.php(270): CController->missingAction('index=gii')
#1 C:\xampp\htdocs\yii\framework\web\CWebApplication.php(282): CController->run('index=gii')
#2 C:\xampp\htdocs\yii\framework\web\CWebApplication.php(141): CWebApplication->runController('site/index=gii')
#3 C:\xampp\htdocs\yii\framework\base\CApplication.php(185): CWebApplication->processRequest()
#4 C:\xampp\htdocs\yii\facilito\index.php(13): CApplication->run()
#5 {main}
REQUEST_URI=/yii/facilito/index.php?r=site/index=gii
---
2023/01/22 18:52:02 [error] [exception.Error] Error: Cannot instantiate abstract class CActiveRecord in C:\xampp\htdocs\yii\framework\db\ar\CActiveRecord.php:397
Stack trace:
#0 C:\xampp\htdocs\yii\facilito\protected\controllers\HolaController.php(6): CActiveRecord::model()
#1 C:\xampp\htdocs\yii\framework\web\actions\CInlineAction.php(49): HolaController->actionIndex()
#2 C:\xampp\htdocs\yii\framework\web\CController.php(308): CInlineAction->runWithParams(Array)
#3 C:\xampp\htdocs\yii\framework\web\CController.php(286): CController->runAction(Object(CInlineAction))
#4 C:\xampp\htdocs\yii\framework\web\CController.php(265): CController->runActionWithFilters(Object(CInlineAction), Array)
#5 C:\xampp\htdocs\yii\framework\web\CWebApplication.php(282): CController->run('index')
#6 C:\xampp\htdocs\yii\framework\web\CWebApplication.php(141): CWebApplication->runController('hola/index')
#7 C:\xampp\htdocs\yii\framework\base\CApplication.php(185): CWebApplication->processRequest()
#8 C:\xampp\htdocs\yii\facilito\index.php(13): CApplication->run()
#9 {main}
REQUEST_URI=/yii/facilito/hola/index
---
2023/01/22 18:56:06 [error] [exception.ParseError] ParseError: syntax error, unexpected 'model' (T_STRING), expecting function (T_FUNCTION) or const (T_CONST) in C:\xampp\htdocs\yii\facilito\protected\models\Users.php:5
Stack trace:
#0 [internal function]: YiiBase::autoload('Users')
#1 C:\xampp\htdocs\yii\facilito\protected\controllers\HolaController.php(6): spl_autoload_call('Users')
#2 C:\xampp\htdocs\yii\framework\web\actions\CInlineAction.php(49): HolaController->actionIndex()
#3 C:\xampp\htdocs\yii\framework\web\CController.php(308): CInlineAction->runWithParams(Array)
#4 C:\xampp\htdocs\yii\framework\web\CController.php(286): CController->runAction(Object(CInlineAction))
#5 C:\xampp\htdocs\yii\framework\web\CController.php(265): CController->runActionWithFilters(Object(CInlineAction), Array)
#6 C:\xampp\htdocs\yii\framework\web\CWebApplication.php(282): CController->run('index')
#7 C:\xampp\htdocs\yii\framework\web\CWebApplication.php(141): CWebApplication->runController('hola/index')
#8 C:\xampp\htdocs\yii\framework\base\CApplication.php(185): CWebApplication->processRequest()
#9 C:\xampp\htdocs\yii\facilito\index.php(13): CApplication->run()
#10 {main}
REQUEST_URI=/yii/facilito/hola/index
---
